2018-03-27T14:45:49.949Z - error: 
[ExtManager.find] An error occurred while finding ext:
 TypeError: Cannot read property 'length' of undefined
    at Commander.help (/mnt/c/Users/Ngoc Phuong/work/projects/laco2/node_modules/laco/libs/commander/index.js:88:66)
    at Commander.map (/mnt/c/Users/Ngoc Phuong/work/projects/laco2/node_modules/laco/libs/commander/index.js:60:25)
    at Laco.Commander.laco.once (/mnt/c/Users/Ngoc Phuong/work/projects/laco2/node_modules/laco/libs/commander/index.js:29:18)
    at Object.onceWrapper (events.js:313:30)
    at emitNone (events.js:111:20)
    at Laco.emit (events.js:208:7)
    at Laco.all (/mnt/c/Users/Ngoc Phuong/work/projects/laco2/node_modules/laco/index.js:39:58)
    at Laco.on (/mnt/c/Users/Ngoc Phuong/work/projects/laco2/node_modules/laco/libs/EventEmitter.js:23:28)
    at emitNone (events.js:106:13)
    at Laco.emit (events.js:208:7)
Cannot read property 'length' of undefined
2018-03-27T14:46:12.752Z - error: 
[ExtManager.find] An error occurred while finding ext:
 TypeError: Cannot read property 'length' of undefined
    at Commander.help (/mnt/c/Users/Ngoc Phuong/work/projects/laco2/node_modules/laco/libs/commander/index.js:88:66)
    at Commander.map (/mnt/c/Users/Ngoc Phuong/work/projects/laco2/node_modules/laco/libs/commander/index.js:60:25)
    at Laco.Commander.laco.once (/mnt/c/Users/Ngoc Phuong/work/projects/laco2/node_modules/laco/libs/commander/index.js:29:18)
    at Object.onceWrapper (events.js:313:30)
    at emitNone (events.js:111:20)
    at Laco.emit (events.js:208:7)
    at Laco.all (/mnt/c/Users/Ngoc Phuong/work/projects/laco2/node_modules/laco/index.js:39:58)
    at Laco.on (/mnt/c/Users/Ngoc Phuong/work/projects/laco2/node_modules/laco/libs/EventEmitter.js:23:28)
    at emitNone (events.js:106:13)
    at Laco.emit (events.js:208:7)
Cannot read property 'length' of undefined
2018-03-27T15:05:55.850Z - error: [Commander.regis] Invalid command handler: 
{
  "option": "help",
  "caller": {
    "dir": "/mnt/c/Users/Ngoc Phuong/work/projects/laco2/node_modules/laco/libs/ui",
    "baseDir": "/node_modules/laco/libs/ui",
    "file": "/node_modules/laco/libs/ui/index.js",
    "method": "UIManager",
    "line": 39,
    "column": 23
  }
}
2018-03-29T16:13:42.210Z - error: 
[ExtManager.load] Cannot load ext file for: /mnt/c/Users/Ngoc Phuong/work/projects/laco2/node_modules/laco-ext-admin/index.js
 TypeError: currentDir.startsWidth is not a function
    at new UIBase (/mnt/c/Users/Ngoc Phuong/work/projects/laco2/node_modules/laco/libs/ui/base.js:27:28)
    at new AdminBSB (/mnt/c/Users/Ngoc Phuong/work/projects/laco2/node_modules/laco-ext-admin/uis/AdminBSB/index.js:8:9)
    at UIManager.register (/mnt/c/Users/Ngoc Phuong/work/projects/laco2/node_modules/laco/libs/ui/index.js:54:46)
    at new LacoAdmin (/mnt/c/Users/Ngoc Phuong/work/projects/laco2/node_modules/laco-ext-admin/index.js:17:22)
    at Promise (/mnt/c/Users/Ngoc Phuong/work/projects/laco2/node_modules/laco/libs/extension/manager.js:79:26)
    at new Promise (<anonymous>)
    at ExtManager.load (/mnt/c/Users/Ngoc Phuong/work/projects/laco2/node_modules/laco/libs/extension/manager.js:60:16)
    at Timeout.setTimeout [as _onTimeout] (/mnt/c/Users/Ngoc Phuong/work/projects/laco2/node_modules/laco/libs/extension/manager.js:50:63)
    at <anonymous>
currentDir.startsWidth is not a function
2018-03-29T16:13:42.213Z - error: 
[ExtManager.find] An error occurred while finding ext:
 TypeError: currentDir.startsWidth is not a function
    at new UIBase (/mnt/c/Users/Ngoc Phuong/work/projects/laco2/node_modules/laco/libs/ui/base.js:27:28)
    at new AdminBSB (/mnt/c/Users/Ngoc Phuong/work/projects/laco2/node_modules/laco-ext-admin/uis/AdminBSB/index.js:8:9)
    at UIManager.register (/mnt/c/Users/Ngoc Phuong/work/projects/laco2/node_modules/laco/libs/ui/index.js:54:46)
    at new LacoAdmin (/mnt/c/Users/Ngoc Phuong/work/projects/laco2/node_modules/laco-ext-admin/index.js:17:22)
    at Promise (/mnt/c/Users/Ngoc Phuong/work/projects/laco2/node_modules/laco/libs/extension/manager.js:79:26)
    at new Promise (<anonymous>)
    at ExtManager.load (/mnt/c/Users/Ngoc Phuong/work/projects/laco2/node_modules/laco/libs/extension/manager.js:60:16)
    at Timeout.setTimeout [as _onTimeout] (/mnt/c/Users/Ngoc Phuong/work/projects/laco2/node_modules/laco/libs/extension/manager.js:50:63)
    at <anonymous>
currentDir.startsWidth is not a function
2018-03-29T17:14:58.822Z - error: 
[ExtManager.load] Cannot load ext file for: /mnt/c/Users/Ngoc Phuong/work/projects/laco2/node_modules/laco-ext-admin/index.js
 Error: Cannot find module '/mnt/c/Users/Ngoc Phuong/work/projects/laco2/node_modules/laco/libs/ui/logger'
    at Function.Module._resolveFilename (module.js:538:15)
    at Function.Module._load (module.js:468:25)
    at Module.require (module.js:587:17)
    at require (internal/module.js:11:18)
    at global.lacoLib.name (/mnt/c/Users/Ngoc Phuong/work/projects/laco2/node_modules/laco/libs/helper.js:7:12)
    at Object.<anonymous> (/mnt/c/Users/Ngoc Phuong/work/projects/laco2/node_modules/laco-ext-admin/uis/AdminBSB/index.js:4:16)
    at Module._compile (module.js:643:30)
    at Object.Module._extensions..js (module.js:654:10)
    at Module.load (module.js:556:32)
    at tryModuleLoad (module.js:499:12)
Cannot find module '/mnt/c/Users/Ngoc Phuong/work/projects/laco2/node_modules/laco/libs/ui/logger'
2018-03-29T17:14:58.824Z - error: 
[ExtManager.find] An error occurred while finding ext:
 Error: Cannot find module '/mnt/c/Users/Ngoc Phuong/work/projects/laco2/node_modules/laco/libs/ui/logger'
    at Function.Module._resolveFilename (module.js:538:15)
    at Function.Module._load (module.js:468:25)
    at Module.require (module.js:587:17)
    at require (internal/module.js:11:18)
    at global.lacoLib.name (/mnt/c/Users/Ngoc Phuong/work/projects/laco2/node_modules/laco/libs/helper.js:7:12)
    at Object.<anonymous> (/mnt/c/Users/Ngoc Phuong/work/projects/laco2/node_modules/laco-ext-admin/uis/AdminBSB/index.js:4:16)
    at Module._compile (module.js:643:30)
    at Object.Module._extensions..js (module.js:654:10)
    at Module.load (module.js:556:32)
    at tryModuleLoad (module.js:499:12)
Cannot find module '/mnt/c/Users/Ngoc Phuong/work/projects/laco2/node_modules/laco/libs/ui/logger'
2018-03-30T05:35:50.458Z - error: 
[ExtManager.load] Cannot load ext file for: /mnt/c/Users/Ngoc Phuong/work/projects/laco2/node_modules/laco-ext-admin/index.js
 ReferenceError: Must call super constructor in derived class before accessing 'this' or returning from derived constructor
    at new User (/mnt/c/Users/Ngoc Phuong/work/projects/laco2/node_modules/laco-ext-admin/controllers/user.js:6:16)
    at ControllerManager.register (/mnt/c/Users/Ngoc Phuong/work/projects/laco2/node_modules/laco/libs/controller/index.js:39:63)
    at new LacoAdmin (/mnt/c/Users/Ngoc Phuong/work/projects/laco2/node_modules/laco-ext-admin/index.js:15:26)
    at Promise (/mnt/c/Users/Ngoc Phuong/work/projects/laco2/node_modules/laco/libs/extension/manager.js:79:26)
    at new Promise (<anonymous>)
    at ExtManager.load (/mnt/c/Users/Ngoc Phuong/work/projects/laco2/node_modules/laco/libs/extension/manager.js:60:16)
    at Timeout.setTimeout [as _onTimeout] (/mnt/c/Users/Ngoc Phuong/work/projects/laco2/node_modules/laco/libs/extension/manager.js:50:63)
    at <anonymous>
Must call super constructor in derived class before accessing 'this' or returning from derived constructor
2018-03-30T05:35:50.461Z - error: 
[ExtManager.find] An error occurred while finding ext:
 ReferenceError: Must call super constructor in derived class before accessing 'this' or returning from derived constructor
    at new User (/mnt/c/Users/Ngoc Phuong/work/projects/laco2/node_modules/laco-ext-admin/controllers/user.js:6:16)
    at ControllerManager.register (/mnt/c/Users/Ngoc Phuong/work/projects/laco2/node_modules/laco/libs/controller/index.js:39:63)
    at new LacoAdmin (/mnt/c/Users/Ngoc Phuong/work/projects/laco2/node_modules/laco-ext-admin/index.js:15:26)
    at Promise (/mnt/c/Users/Ngoc Phuong/work/projects/laco2/node_modules/laco/libs/extension/manager.js:79:26)
    at new Promise (<anonymous>)
    at ExtManager.load (/mnt/c/Users/Ngoc Phuong/work/projects/laco2/node_modules/laco/libs/extension/manager.js:60:16)
    at Timeout.setTimeout [as _onTimeout] (/mnt/c/Users/Ngoc Phuong/work/projects/laco2/node_modules/laco/libs/extension/manager.js:50:63)
    at <anonymous>
Must call super constructor in derived class before accessing 'this' or returning from derived constructor
2018-03-31T02:56:58.257Z - error: 
[ExtManager.load] Cannot load ext file for: /mnt/c/Users/Ngoc Phuong/work/projects/laco2/node_modules/laco-ext-admin/index.js
 TypeError: Cannot read property 'name' of null
    at new BaseController (/mnt/c/Users/Ngoc Phuong/work/projects/laco2/node_modules/laco/libs/controller/base.js:11:65)
    at new Dashboard (/mnt/c/Users/Ngoc Phuong/work/projects/laco2/node_modules/laco-ext-admin/controllers/dashboard.js:7:9)
    at ControllerManager.register (/mnt/c/Users/Ngoc Phuong/work/projects/laco2/node_modules/laco/libs/controller/index.js:39:63)
    at new LacoAdmin (/mnt/c/Users/Ngoc Phuong/work/projects/laco2/node_modules/laco-ext-admin/index.js:15:26)
    at Promise (/mnt/c/Users/Ngoc Phuong/work/projects/laco2/node_modules/laco/libs/extension/manager.js:79:26)
    at new Promise (<anonymous>)
    at ExtManager.load (/mnt/c/Users/Ngoc Phuong/work/projects/laco2/node_modules/laco/libs/extension/manager.js:60:16)
    at Timeout.setTimeout [as _onTimeout] (/mnt/c/Users/Ngoc Phuong/work/projects/laco2/node_modules/laco/libs/extension/manager.js:50:63)
    at <anonymous>
Cannot read property 'name' of null
2018-03-31T02:56:58.260Z - error: 
[ExtManager.find] An error occurred while finding ext:
 TypeError: Cannot read property 'name' of null
    at new BaseController (/mnt/c/Users/Ngoc Phuong/work/projects/laco2/node_modules/laco/libs/controller/base.js:11:65)
    at new Dashboard (/mnt/c/Users/Ngoc Phuong/work/projects/laco2/node_modules/laco-ext-admin/controllers/dashboard.js:7:9)
    at ControllerManager.register (/mnt/c/Users/Ngoc Phuong/work/projects/laco2/node_modules/laco/libs/controller/index.js:39:63)
    at new LacoAdmin (/mnt/c/Users/Ngoc Phuong/work/projects/laco2/node_modules/laco-ext-admin/index.js:15:26)
    at Promise (/mnt/c/Users/Ngoc Phuong/work/projects/laco2/node_modules/laco/libs/extension/manager.js:79:26)
    at new Promise (<anonymous>)
    at ExtManager.load (/mnt/c/Users/Ngoc Phuong/work/projects/laco2/node_modules/laco/libs/extension/manager.js:60:16)
    at Timeout.setTimeout [as _onTimeout] (/mnt/c/Users/Ngoc Phuong/work/projects/laco2/node_modules/laco/libs/extension/manager.js:50:63)
    at <anonymous>
Cannot read property 'name' of null
2018-03-31T02:57:17.952Z - error: 
[ExtManager.load] Cannot load ext file for: /mnt/c/Users/Ngoc Phuong/work/projects/laco2/node_modules/laco-ext-admin/index.js
 TypeError: Cannot read property 'name' of null
    at new BaseController (/mnt/c/Users/Ngoc Phuong/work/projects/laco2/node_modules/laco/libs/controller/base.js:12:65)
    at new Dashboard (/mnt/c/Users/Ngoc Phuong/work/projects/laco2/node_modules/laco-ext-admin/controllers/dashboard.js:7:9)
    at ControllerManager.register (/mnt/c/Users/Ngoc Phuong/work/projects/laco2/node_modules/laco/libs/controller/index.js:39:63)
    at new LacoAdmin (/mnt/c/Users/Ngoc Phuong/work/projects/laco2/node_modules/laco-ext-admin/index.js:15:26)
    at Promise (/mnt/c/Users/Ngoc Phuong/work/projects/laco2/node_modules/laco/libs/extension/manager.js:79:26)
    at new Promise (<anonymous>)
    at ExtManager.load (/mnt/c/Users/Ngoc Phuong/work/projects/laco2/node_modules/laco/libs/extension/manager.js:60:16)
    at Timeout.setTimeout [as _onTimeout] (/mnt/c/Users/Ngoc Phuong/work/projects/laco2/node_modules/laco/libs/extension/manager.js:50:63)
    at <anonymous>
Cannot read property 'name' of null
2018-03-31T02:57:17.954Z - error: 
[ExtManager.find] An error occurred while finding ext:
 TypeError: Cannot read property 'name' of null
    at new BaseController (/mnt/c/Users/Ngoc Phuong/work/projects/laco2/node_modules/laco/libs/controller/base.js:12:65)
    at new Dashboard (/mnt/c/Users/Ngoc Phuong/work/projects/laco2/node_modules/laco-ext-admin/controllers/dashboard.js:7:9)
    at ControllerManager.register (/mnt/c/Users/Ngoc Phuong/work/projects/laco2/node_modules/laco/libs/controller/index.js:39:63)
    at new LacoAdmin (/mnt/c/Users/Ngoc Phuong/work/projects/laco2/node_modules/laco-ext-admin/index.js:15:26)
    at Promise (/mnt/c/Users/Ngoc Phuong/work/projects/laco2/node_modules/laco/libs/extension/manager.js:79:26)
    at new Promise (<anonymous>)
    at ExtManager.load (/mnt/c/Users/Ngoc Phuong/work/projects/laco2/node_modules/laco/libs/extension/manager.js:60:16)
    at Timeout.setTimeout [as _onTimeout] (/mnt/c/Users/Ngoc Phuong/work/projects/laco2/node_modules/laco/libs/extension/manager.js:50:63)
    at <anonymous>
Cannot read property 'name' of null
2018-03-31T02:57:28.101Z - error: 
[ExtManager.load] Cannot load ext file for: /mnt/c/Users/Ngoc Phuong/work/projects/laco2/node_modules/laco-ext-admin/index.js
 TypeError: Cannot read property 'name' of null
    at new BaseController (/mnt/c/Users/Ngoc Phuong/work/projects/laco2/node_modules/laco/libs/controller/base.js:12:65)
    at new Dashboard (/mnt/c/Users/Ngoc Phuong/work/projects/laco2/node_modules/laco-ext-admin/controllers/dashboard.js:7:9)
    at ControllerManager.register (/mnt/c/Users/Ngoc Phuong/work/projects/laco2/node_modules/laco/libs/controller/index.js:39:63)
    at new LacoAdmin (/mnt/c/Users/Ngoc Phuong/work/projects/laco2/node_modules/laco-ext-admin/index.js:15:26)
    at Promise (/mnt/c/Users/Ngoc Phuong/work/projects/laco2/node_modules/laco/libs/extension/manager.js:79:26)
    at new Promise (<anonymous>)
    at ExtManager.load (/mnt/c/Users/Ngoc Phuong/work/projects/laco2/node_modules/laco/libs/extension/manager.js:60:16)
    at Timeout.setTimeout [as _onTimeout] (/mnt/c/Users/Ngoc Phuong/work/projects/laco2/node_modules/laco/libs/extension/manager.js:50:63)
    at <anonymous>
Cannot read property 'name' of null
2018-03-31T02:57:28.103Z - error: 
[ExtManager.find] An error occurred while finding ext:
 TypeError: Cannot read property 'name' of null
    at new BaseController (/mnt/c/Users/Ngoc Phuong/work/projects/laco2/node_modules/laco/libs/controller/base.js:12:65)
    at new Dashboard (/mnt/c/Users/Ngoc Phuong/work/projects/laco2/node_modules/laco-ext-admin/controllers/dashboard.js:7:9)
    at ControllerManager.register (/mnt/c/Users/Ngoc Phuong/work/projects/laco2/node_modules/laco/libs/controller/index.js:39:63)
    at new LacoAdmin (/mnt/c/Users/Ngoc Phuong/work/projects/laco2/node_modules/laco-ext-admin/index.js:15:26)
    at Promise (/mnt/c/Users/Ngoc Phuong/work/projects/laco2/node_modules/laco/libs/extension/manager.js:79:26)
    at new Promise (<anonymous>)
    at ExtManager.load (/mnt/c/Users/Ngoc Phuong/work/projects/laco2/node_modules/laco/libs/extension/manager.js:60:16)
    at Timeout.setTimeout [as _onTimeout] (/mnt/c/Users/Ngoc Phuong/work/projects/laco2/node_modules/laco/libs/extension/manager.js:50:63)
    at <anonymous>
Cannot read property 'name' of null
2018-03-31T03:02:33.872Z - error: [lib.controller.base] Invalid view: dashboard.index
2018-04-01T11:42:12.313Z - error: [SubApp.register] App base not found: homejobchat
2018-04-01T11:42:12.314Z - error: [Router.transform] [homejobchat] Subapp not found for route: 
{
  "subapp": "homejobchat",
  "controller": "chat",
  "action": "index"
}
2018-04-02T13:09:49.433Z - error: [ext.homejobchat] Cannot connect to database:  MongoNetworkError: failed to connect to server [localhost:27017] on first connect [MongoNetworkError: connect ECONNREFUSED 127.0.0.1:27017]
    at Pool.<anonymous> (/mnt/c/Users/Ngoc Phuong/work/projects/laco2/node_modules/laco-ext-homejobchat/node_modules/mongodb-core/lib/topologies/server.js:503:11)
    at emitOne (events.js:116:13)
    at Pool.emit (events.js:211:7)
    at Connection.<anonymous> (/mnt/c/Users/Ngoc Phuong/work/projects/laco2/node_modules/laco-ext-homejobchat/node_modules/mongodb-core/lib/connection/pool.js:326:12)
    at Object.onceWrapper (events.js:317:30)
    at emitTwo (events.js:126:13)
    at Connection.emit (events.js:214:7)
    at Socket.<anonymous> (/mnt/c/Users/Ngoc Phuong/work/projects/laco2/node_modules/laco-ext-homejobchat/node_modules/mongodb-core/lib/connection/connection.js:245:50)
    at Object.onceWrapper (events.js:315:30)
    at emitOne (events.js:116:13)
    at Socket.emit (events.js:211:7)
    at emitErrorNT (internal/streams/destroy.js:64:8)
    at _combinedTickCallback (internal/process/next_tick.js:138:11)
    at process._tickCallback (internal/process/next_tick.js:180:9)
failed to connect to server [localhost:27017] on first connect [MongoNetworkError: connect ECONNREFUSED 127.0.0.1:27017]
2018-04-02T14:01:45.238Z - error: 
[ExtManager.load] Cannot load ext file for: /mnt/c/Users/Ngoc Phuong/work/projects/laco2/node_modules/laco-ext-homejobchat/index.js
 ReferenceError: AdminBSB is not defined
    at Object.<anonymous> (/mnt/c/Users/Ngoc Phuong/work/projects/laco2/node_modules/laco-ext-homejobchat/ui/index.js:52:18)
    at Module._compile (module.js:643:30)
    at Object.Module._extensions..js (module.js:654:10)
    at Module.load (module.js:556:32)
    at tryModuleLoad (module.js:499:12)
    at Function.Module._load (module.js:491:3)
    at Module.require (module.js:587:17)
    at require (internal/module.js:11:18)
    at new LacoHomeJobChat (/mnt/c/Users/Ngoc Phuong/work/projects/laco2/node_modules/laco-ext-homejobchat/index.js:25:22)
    at Promise (/mnt/c/Users/Ngoc Phuong/work/projects/laco2/node_modules/laco/libs/extension/manager.js:79:26)
    at new Promise (<anonymous>)
    at ExtManager.load (/mnt/c/Users/Ngoc Phuong/work/projects/laco2/node_modules/laco/libs/extension/manager.js:60:16)
    at Timeout.setTimeout [as _onTimeout] (/mnt/c/Users/Ngoc Phuong/work/projects/laco2/node_modules/laco/libs/extension/manager.js:50:63)
    at <anonymous>
    at process._tickCallback (internal/process/next_tick.js:188:7)
AdminBSB is not defined
2018-04-02T14:01:45.241Z - error: 
[ExtManager.find] An error occurred while finding ext:
 ReferenceError: AdminBSB is not defined
    at Object.<anonymous> (/mnt/c/Users/Ngoc Phuong/work/projects/laco2/node_modules/laco-ext-homejobchat/ui/index.js:52:18)
    at Module._compile (module.js:643:30)
    at Object.Module._extensions..js (module.js:654:10)
    at Module.load (module.js:556:32)
    at tryModuleLoad (module.js:499:12)
    at Function.Module._load (module.js:491:3)
    at Module.require (module.js:587:17)
    at require (internal/module.js:11:18)
    at new LacoHomeJobChat (/mnt/c/Users/Ngoc Phuong/work/projects/laco2/node_modules/laco-ext-homejobchat/index.js:25:22)
    at Promise (/mnt/c/Users/Ngoc Phuong/work/projects/laco2/node_modules/laco/libs/extension/manager.js:79:26)
    at new Promise (<anonymous>)
    at ExtManager.load (/mnt/c/Users/Ngoc Phuong/work/projects/laco2/node_modules/laco/libs/extension/manager.js:60:16)
    at Timeout.setTimeout [as _onTimeout] (/mnt/c/Users/Ngoc Phuong/work/projects/laco2/node_modules/laco/libs/extension/manager.js:50:63)
    at <anonymous>
    at process._tickCallback (internal/process/next_tick.js:188:7)
AdminBSB is not defined
2018-04-05T01:52:21.673Z - error: [Commander.regis] Invalid command handler: 
{
  "option": "HJAsset",
  "caller": {
    "dir": "/home/nguyen.ngoc.phuong/Documents/projects/laco2/node_modules/laco/libs/ui",
    "baseDir": "/node_modules/laco/libs/ui",
    "file": "/node_modules/laco/libs/ui/index.js",
    "method": "UIManager",
    "line": 39,
    "column": 23
  }
}
